c:\users\dynam\onedrive\documents\college\semester 5\openglfinalproject\galaga\babbysfirstcube\debug\vc141.pdb
c:\users\dynam\onedrive\documents\college\semester 5\openglfinalproject\galaga\babbysfirstcube\debug\vc141.idb
c:\users\dynam\onedrive\documents\college\semester 5\openglfinalproject\galaga\babbysfirstcube\debug\camera.obj
c:\users\dynam\onedrive\documents\college\semester 5\openglfinalproject\galaga\babbysfirstcube\debug\gameentity.obj
c:\users\dynam\onedrive\documents\college\semester 5\openglfinalproject\galaga\babbysfirstcube\debug\input.obj
c:\users\dynam\onedrive\documents\college\semester 5\openglfinalproject\galaga\babbysfirstcube\debug\main.obj
c:\users\dynam\onedrive\documents\college\semester 5\openglfinalproject\galaga\babbysfirstcube\debug\material.obj
c:\users\dynam\onedrive\documents\college\semester 5\openglfinalproject\galaga\babbysfirstcube\debug\mesh.obj
c:\users\dynam\onedrive\documents\college\semester 5\openglfinalproject\galaga\babbysfirstcube\debug\player.obj
c:\users\dynam\onedrive\documents\college\semester 5\openglfinalproject\galaga\babbysfirstcube\debug\shader.obj
c:\users\dynam\onedrive\documents\college\semester 5\openglfinalproject\galaga\babbysfirstcube\debug\star.obj
c:\users\dynam\onedrive\documents\college\semester 5\openglfinalproject\galaga\debug\babbysfirstcube.exe
c:\users\dynam\onedrive\documents\college\semester 5\openglfinalproject\galaga\debug\babbysfirstcube.ilk
c:\users\dynam\onedrive\documents\college\semester 5\openglfinalproject\galaga\debug\babbysfirstcube.pdb
c:\users\dynam\onedrive\documents\college\semester 5\openglfinalproject\galaga\babbysfirstcube\debug\babbysfirstcube.tlog\cl.command.1.tlog
c:\users\dynam\onedrive\documents\college\semester 5\openglfinalproject\galaga\babbysfirstcube\debug\babbysfirstcube.tlog\cl.read.1.tlog
c:\users\dynam\onedrive\documents\college\semester 5\openglfinalproject\galaga\babbysfirstcube\debug\babbysfirstcube.tlog\cl.write.1.tlog
c:\users\dynam\onedrive\documents\college\semester 5\openglfinalproject\galaga\babbysfirstcube\debug\babbysfirstcube.tlog\link.command.1.tlog
c:\users\dynam\onedrive\documents\college\semester 5\openglfinalproject\galaga\babbysfirstcube\debug\babbysfirstcube.tlog\link.read.1.tlog
c:\users\dynam\onedrive\documents\college\semester 5\openglfinalproject\galaga\babbysfirstcube\debug\babbysfirstcube.tlog\link.write.1.tlog
