  Camera.cpp
c:\program files (x86)\windows kits\10\include\10.0.16299.0\ucrt\crtdbg.h(302): warning C4005: '_malloca': macro redefinition
  c:\program files (x86)\windows kits\10\include\10.0.16299.0\ucrt\malloc.h(121): note: see previous definition of '_malloca'
  GameEntity.cpp
c:\program files (x86)\windows kits\10\include\10.0.16299.0\ucrt\crtdbg.h(302): warning C4005: '_malloca': macro redefinition
  c:\program files (x86)\windows kits\10\include\10.0.16299.0\ucrt\malloc.h(121): note: see previous definition of '_malloca'
  Input.cpp
c:\program files (x86)\windows kits\10\include\10.0.16299.0\ucrt\crtdbg.h(302): warning C4005: '_malloca': macro redefinition
  c:\program files (x86)\windows kits\10\include\10.0.16299.0\ucrt\malloc.h(121): note: see previous definition of '_malloca'
  main.cpp
c:\program files (x86)\windows kits\10\include\10.0.16299.0\ucrt\crtdbg.h(302): warning C4005: '_malloca': macro redefinition
  c:\program files (x86)\windows kits\10\include\10.0.16299.0\ucrt\malloc.h(121): note: see previous definition of '_malloca'
z:\igmprofile\openglfinalproject\babbysfirstcube\babbysfirstcube\main.cpp(19): warning C4244: 'argument': conversion from 'time_t' to 'unsigned int', possible loss of data
  Material.cpp
c:\program files (x86)\windows kits\10\include\10.0.16299.0\ucrt\crtdbg.h(302): warning C4005: '_malloca': macro redefinition
  c:\program files (x86)\windows kits\10\include\10.0.16299.0\ucrt\malloc.h(121): note: see previous definition of '_malloca'
  Mesh.cpp
  shader.cpp
c:\program files (x86)\windows kits\10\include\10.0.16299.0\ucrt\crtdbg.h(302): warning C4005: '_malloca': macro redefinition
  c:\program files (x86)\windows kits\10\include\10.0.16299.0\ucrt\malloc.h(121): note: see previous definition of '_malloca'
  Generating Code...
LINK : fatal error LNK1104: cannot open file 'glew32s.lib'
